<?xml version="1.0" encoding="UTF-8"?>
<!-- Generated by org.testng.reporters.JUnitXMLReporter -->
<testsuite hostname="DESKTOP-1CS7FLM" ignored="0" name="Create Account Test" tests="6" failures="0" timestamp="10 Nov 2017 22:44:18 GMT" time="35.251" errors="0">
  <testcase name="createAccount" time="1.825" classname="testScripts.NewAccountDDTTestNG"/>
  <testcase name="createAccount" time="1.657" classname="testScripts.NewAccountDDTTestNG"/>
  <testcase name="createAccount" time="1.794" classname="testScripts.NewAccountDDTTestNG"/>
  <testcase name="createAccount" time="1.829" classname="testScripts.NewAccountDDTTestNG"/>
  <testcase name="createAccount" time="1.79" classname="testScripts.NewAccountDDTTestNG"/>
  <testcase name="createAccount" time="1.871" classname="testScripts.NewAccountDDTTestNG"/>
</testsuite> <!-- Create Account Test -->
