<?xml version="1.0" encoding="UTF-8"?>
<!-- Generated by org.testng.reporters.JUnitXMLReporter -->
<testsuite hostname="DESKTOP-1CS7FLM" ignored="0" name="Login Test" tests="6" failures="0" timestamp="10 Nov 2017 22:44:45 GMT" time="27.272" errors="0">
  <testcase name="loginTest" time="1.226" classname="testScripts.LoginDDT"/>
  <testcase name="loginTest" time="1.051" classname="testScripts.LoginDDT"/>
  <testcase name="loginTest" time="1.024" classname="testScripts.LoginDDT"/>
  <testcase name="loginTest" time="1.062" classname="testScripts.LoginDDT"/>
  <testcase name="loginTest" time="1.078" classname="testScripts.LoginDDT"/>
  <testcase name="loginTest" time="0.983" classname="testScripts.LoginDDT"/>
</testsuite> <!-- Login Test -->
